[debug] [2022-11-15T01:10:04.791Z] ----------------------------------------------------------------------
[debug] [2022-11-15T01:10:04.792Z] Command:       /usr/local/bin/node /usr/local/bin/firebase init
[debug] [2022-11-15T01:10:04.792Z] CLI Version:   11.16.0
[debug] [2022-11-15T01:10:04.792Z] Platform:      darwin
[debug] [2022-11-15T01:10:04.792Z] Node Version:  v16.13.0
[debug] [2022-11-15T01:10:04.793Z] Time:          Mon Nov 14 2022 20:10:04 GMT-0500 (Eastern Standard Time)
[debug] [2022-11-15T01:10:04.793Z] ----------------------------------------------------------------------
[debug] 
[debug] [2022-11-15T01:10:04.795Z] > command requires scopes: ["email","openid","https://www.googleapis.com/auth/cloudplatformprojects.readonly","https://www.googleapis.com/auth/firebase","https://www.googleapis.com/auth/cloud-platform"]
[debug] [2022-11-15T01:10:04.795Z] > authorizing via signed-in user (mgrin212@gmail.com)
[info] 
     ######## #### ########  ######## ########     ###     ######  ########
     ##        ##  ##     ## ##       ##     ##  ##   ##  ##       ##
     ######    ##  ########  ######   ########  #########  ######  ######
     ##        ##  ##    ##  ##       ##     ## ##     ##       ## ##
     ##       #### ##     ## ######## ########  ##     ##  ######  ########

You're about to initialize a Firebase project in this directory:

  /Users/matthewgrinberg/CS/IdeaProjects/QuickScore

[info] 
=== Project Setup
[info] 
[info] First, let's associate this project directory with a Firebase project.
[info] You can create multiple project aliases by running firebase use --add, 
[info] but for now we'll just set up a default project.
[info] 
[info] i  If you want to create a project in a Google Cloud organization or folder, please use "firebase projects:create" instead, and return to this command when you've created the project. 
[debug] [2022-11-15T01:10:13.454Z] >>> [apiv2][query] POST https://cloudresourcemanager.googleapis.com/v1/projects [none]
[debug] [2022-11-15T01:10:13.454Z] >>> [apiv2][body] POST https://cloudresourcemanager.googleapis.com/v1/projects {"projectId":"quickscore","name":"QuickScore"}
[debug] [2022-11-15T01:10:13.880Z] <<< [apiv2][status] POST https://cloudresourcemanager.googleapis.com/v1/projects 409
[debug] [2022-11-15T01:10:13.880Z] <<< [apiv2][body] POST https://cloudresourcemanager.googleapis.com/v1/projects {"error":{"code":409,"message":"Requested entity already exists","status":"ALREADY_EXISTS"}}
[debug] [2022-11-15T01:10:13.959Z] FirebaseError: HTTP Error: 409, Requested entity already exists
    at responseToError (/usr/local/lib/node_modules/firebase-tools/lib/responseToError.js:49:12)
    at RetryOperation._fn (/usr/local/lib/node_modules/firebase-tools/lib/apiv2.js:288:77)
    at processTicksAndRejections (node:internal/process/task_queues:96:5)
[error] 
[error] Error: Failed to create project because there is already a project with ID quickscore. Please try again with a unique project ID.
[debug] [2022-11-15T01:10:20.542Z] ----------------------------------------------------------------------
[debug] [2022-11-15T01:10:20.543Z] Command:       /usr/local/bin/node /usr/local/bin/firebase init
[debug] [2022-11-15T01:10:20.543Z] CLI Version:   11.16.0
[debug] [2022-11-15T01:10:20.543Z] Platform:      darwin
[debug] [2022-11-15T01:10:20.544Z] Node Version:  v16.13.0
[debug] [2022-11-15T01:10:20.544Z] Time:          Mon Nov 14 2022 20:10:20 GMT-0500 (Eastern Standard Time)
[debug] [2022-11-15T01:10:20.544Z] ----------------------------------------------------------------------
[debug] 
[debug] [2022-11-15T01:10:20.547Z] > command requires scopes: ["email","openid","https://www.googleapis.com/auth/cloudplatformprojects.readonly","https://www.googleapis.com/auth/firebase","https://www.googleapis.com/auth/cloud-platform"]
[debug] [2022-11-15T01:10:20.547Z] > authorizing via signed-in user (mgrin212@gmail.com)
[info] 
     ######## #### ########  ######## ########     ###     ######  ########
     ##        ##  ##     ## ##       ##     ##  ##   ##  ##       ##
     ######    ##  ########  ######   ########  #########  ######  ######
     ##        ##  ##    ##  ##       ##     ## ##     ##       ## ##
     ##       #### ##     ## ######## ########  ##     ##  ######  ########

You're about to initialize a Firebase project in this directory:

  /Users/matthewgrinberg/CS/IdeaProjects/QuickScore

[info] 
=== Project Setup
[info] 
[info] First, let's associate this project directory with a Firebase project.
[info] You can create multiple project aliases by running firebase use --add, 
[info] but for now we'll just set up a default project.
[info] 
[info] i  If you want to create a project in a Google Cloud organization or folder, please use "firebase projects:create" instead, and return to this command when you've created the project. 
[debug] [2022-11-15T01:10:34.920Z] >>> [apiv2][query] POST https://cloudresourcemanager.googleapis.com/v1/projects [none]
[debug] [2022-11-15T01:10:34.920Z] >>> [apiv2][body] POST https://cloudresourcemanager.googleapis.com/v1/projects {"projectId":"myQuickScore","name":"QuickScore"}
[debug] [2022-11-15T01:10:35.315Z] <<< [apiv2][status] POST https://cloudresourcemanager.googleapis.com/v1/projects 400
[debug] [2022-11-15T01:10:35.315Z] <<< [apiv2][body] POST https://cloudresourcemanager.googleapis.com/v1/projects {"error":{"code":400,"message":"field [project_id] has issue [project_id contains invalid characters]","status":"INVALID_ARGUMENT","details":[{"@type":"type.googleapis.com/google.rpc.BadRequest","fieldViolations":[{"field":"project_id","description":"project_id contains invalid characters"}]},{"@type":"type.googleapis.com/google.rpc.Help","links":[{"url":"https://cloud.google.com/resource-manager/reference/rest/v1/projects"}]}]}}
[debug] [2022-11-15T01:10:35.673Z] FirebaseError: HTTP Error: 400, field [project_id] has issue [project_id contains invalid characters]
    at responseToError (/usr/local/lib/node_modules/firebase-tools/lib/responseToError.js:49:12)
    at RetryOperation._fn (/usr/local/lib/node_modules/firebase-tools/lib/apiv2.js:288:77)
    at processTicksAndRejections (node:internal/process/task_queues:96:5)
[error] 
[error] Error: Failed to create project. See firebase-debug.log for more info.
[debug] [2022-11-15T01:13:36.325Z] ----------------------------------------------------------------------
[debug] [2022-11-15T01:13:36.325Z] Command:       /usr/local/bin/node /usr/local/bin/firebase init
[debug] [2022-11-15T01:13:36.326Z] CLI Version:   11.16.0
[debug] [2022-11-15T01:13:36.326Z] Platform:      darwin
[debug] [2022-11-15T01:13:36.326Z] Node Version:  v16.13.0
[debug] [2022-11-15T01:13:36.326Z] Time:          Mon Nov 14 2022 20:13:36 GMT-0500 (Eastern Standard Time)
[debug] [2022-11-15T01:13:36.327Z] ----------------------------------------------------------------------
[debug] 
[debug] [2022-11-15T01:13:36.329Z] > command requires scopes: ["email","openid","https://www.googleapis.com/auth/cloudplatformprojects.readonly","https://www.googleapis.com/auth/firebase","https://www.googleapis.com/auth/cloud-platform"]
[debug] [2022-11-15T01:13:36.329Z] > authorizing via signed-in user (mgrin212@gmail.com)
[info] 
     ######## #### ########  ######## ########     ###     ######  ########
     ##        ##  ##     ## ##       ##     ##  ##   ##  ##       ##
     ######    ##  ########  ######   ########  #########  ######  ######
     ##        ##  ##    ##  ##       ##     ## ##     ##       ## ##
     ##       #### ##     ## ######## ########  ##     ##  ######  ########

You're about to initialize a Firebase project in this directory:

  /Users/matthewgrinberg/CS/IdeaProjects/QuickScore

[info] 
=== Project Setup
[info] 
[info] First, let's associate this project directory with a Firebase project.
[info] You can create multiple project aliases by running firebase use --add, 
[info] but for now we'll just set up a default project.
[info] 
[debug] [2022-11-15T01:13:46.793Z] >>> [apiv2][query] GET https://firebase.googleapis.com/v1beta1/projects pageSize=100
[debug] [2022-11-15T01:13:47.238Z] <<< [apiv2][status] GET https://firebase.googleapis.com/v1beta1/projects 200
[debug] [2022-11-15T01:13:47.238Z] <<< [apiv2][body] GET https://firebase.googleapis.com/v1beta1/projects [omitted]
[info] i  Using project quickscore-f3702 (QuickScore) 
[info] 
=== Hosting Setup
[info] 
[info] Your public directory is the folder (relative to your project directory) that
[info] will contain Hosting assets to be uploaded with firebase deploy. If you
[info] have a build process for your assets, use your build's output directory.
[info] 
[debug] [2022-11-15T01:14:29.650Z] >>> [apiv2][query] GET https://www.gstatic.com/firebasejs/releases.json [none]
[debug] [2022-11-15T01:14:29.707Z] <<< [apiv2][status] GET https://www.gstatic.com/firebasejs/releases.json 200
[debug] [2022-11-15T01:14:29.708Z] <<< [apiv2][body] GET https://www.gstatic.com/firebasejs/releases.json {"current":{"version":"9.14.0","browserURL":"https://www.gstatic.com/firebasejs/9.14.0/firebase.js","packageURL":"https://www.gstatic.com/firebasejs/9.14.0/firebase.tgz"},"live":{"version":"9.14","browserURL":"https://www.gstatic.com/firebasejs/live/9.14/firebase.js","packageURL":"https://www.gstatic.com/firebasejs/live/9.14/firebase.tgz"},"components":{"analytics":"https://www.gstatic.com/firebasejs/9.14.0/firebase-analytics.js","app":"https://www.gstatic.com/firebasejs/9.14.0/firebase-app.js","app-check":"https://www.gstatic.com/firebasejs/9.14.0/firebase-app-check.js","auth":"https://www.gstatic.com/firebasejs/9.14.0/firebase-auth.js","auth/cordova":"https://www.gstatic.com/firebasejs/9.14.0/firebase-auth/cordova.js","auth/react-native":"https://www.gstatic.com/firebasejs/9.14.0/firebase-auth/react-native.js","functions":"https://www.gstatic.com/firebasejs/9.14.0/firebase-functions.js","firestore":"https://www.gstatic.com/firebasejs/9.14.0/firebase-firestore.js","firestore/lite":"https://www.gstatic.com/firebasejs/9.14.0/firebase-firestore/lite.js","installations":"https://www.gstatic.com/firebasejs/9.14.0/firebase-installations.js","storage":"https://www.gstatic.com/firebasejs/9.14.0/firebase-storage.js","performance":"https://www.gstatic.com/firebasejs/9.14.0/firebase-performance.js","remote-config":"https://www.gstatic.com/firebasejs/9.14.0/firebase-remote-config.js","messaging":"https://www.gstatic.com/firebasejs/9.14.0/firebase-messaging.js","messaging/sw":"https://www.gstatic.com/firebasejs/9.14.0/firebase-messaging/sw.js","database":"https://www.gstatic.com/firebasejs/9.14.0/firebase-database.js","firestore.memory":"https://www.gstatic.com/firebasejs/9.14.0/firebase-firestore.memory.js"}}
[info] i  Skipping write of ./index.html 
[info] 
[info] i  Didn't detect a .git folder. Assuming /Users/matthewgrinberg/CS/IdeaProjects/QuickScore is the project root. 
[info] i  Authorizing with GitHub to upload your service account to a GitHub repository's secrets store. 
[info] 
[info] Visit this URL on this device to log in:
[info] https://github.com/login/oauth/authorize?client_id=89cf50f02ac6aaed3484&state=665690562&redirect_uri=http%3A%2F%2Flocalhost%3A9005&scope=read%3Auser%20repo%20public_repo
[info] 
[info] Waiting for authentication...
[debug] [2022-11-15T01:14:32.957Z] >>> [apiv2][query] POST https://github.com/login/oauth/access_token [none]
[debug] [2022-11-15T01:14:32.957Z] >>> [apiv2][body] POST https://github.com/login/oauth/access_token [stream]
[debug] [2022-11-15T01:14:33.313Z] <<< [apiv2][status] POST https://github.com/login/oauth/access_token 200
[debug] [2022-11-15T01:14:33.313Z] <<< [apiv2][body] POST https://github.com/login/oauth/access_token {"access_token":"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","token_type":"bearer","scope":"read:user,repo"}
[debug] [2022-11-15T01:14:33.320Z] >>> [apiv2][query] GET https://api.github.com/user [none]
[debug] [2022-11-15T01:14:33.486Z] <<< [apiv2][status] GET https://api.github.com/user 200
[debug] [2022-11-15T01:14:33.486Z] <<< [apiv2][body] GET https://api.github.com/user {"login":"mgrin212","id":90577572,"node_id":"MDQ6VXNlcjkwNTc3NTcy","avatar_url":"https://avatars.githubusercontent.com/u/90577572?v=4","gravatar_id":"","url":"https://api.github.com/users/mgrin212","html_url":"https://github.com/mgrin212","followers_url":"https://api.github.com/users/mgrin212/followers","following_url":"https://api.github.com/users/mgrin212/following{/other_user}","gists_url":"https://api.github.com/users/mgrin212/gists{/gist_id}","starred_url":"https://api.github.com/users/mgrin212/starred{/owner}{/repo}","subscriptions_url":"https://api.github.com/users/mgrin212/subscriptions","organizations_url":"https://api.github.com/users/mgrin212/orgs","repos_url":"https://api.github.com/users/mgrin212/repos","events_url":"https://api.github.com/users/mgrin212/events{/privacy}","received_events_url":"https://api.github.com/users/mgrin212/received_events","type":"User","site_admin":false,"name":null,"company":null,"blog":"","location":null,"email":null,"hireable":null,"bio":null,"twitter_username":null,"public_repos":1,"public_gists":0,"followers":1,"following":1,"created_at":"2021-09-12T20:52:23Z","updated_at":"2022-10-20T17:14:39Z","private_gists":0,"total_private_repos":5,"owned_private_repos":5,"disk_usage":8764,"collaborators":3,"two_factor_authentication":false,"plan":{"name":"free","space":976562499,"collaborators":0,"private_repos":10000}}
[info] 
[info] ✔  Success! Logged into GitHub as mgrin212 
[info] 
